<?xml version="1.0" encoding="UTF-8"?>
<!-- Generated by org.testng.reporters.JUnitReportReporter -->
<testsuite skipped="0" hostname="LAPTOP-VLK0RTJ4" name="Selenium_Test" tests="1" failures="0" timestamp="2021-06-23T13:50:05 IST" time="0.010" errors="0">
  <testcase name="method1" time="0.010" classname="Selenium_Test"/>
  <system-out/>
</testsuite> <!-- Selenium_Test -->
